<?xml version="1.0" encoding="UTF-8"?>
<testsuite xmlns:xsi="http://www.w3.org/2001/XMLSchema-instance" xsi:noNamespaceSchemaLocation="https://maven.apache.org/surefire/maven-surefire-plugin/xsd/surefire-test-report.xsd" version="3.0.2" name="com.example.wms001.Wms001ApplicationTests" time="2.225" tests="1" errors="0" skipped="0" failures="0">
  <properties>
[...]
</properties>
  <testcase name="contextLoads" classname="com.example.wms001.Wms001ApplicationTests" time="0.462">
    <system-out><![CDATA[20:33:53.202 [main] INFO org.springframework.test.context.support.AnnotationConfigContextLoaderUtils -- Could not detect default configuration classes for test class [com.example.wms001.Wms001ApplicationTests]: Wms001ApplicationTests does not declare any static, non-private, non-final, nested classes annotated with @Configuration.
20:33:53.267 [main] INFO org.springframework.boot.test.context.SpringBootTestContextBootstrapper -- Found @SpringBootConfiguration com.example.wms001.Wms001Application for test class com.example.wms001.Wms001ApplicationTests

  .   ____          _            __ _ _
 /\\ / ___'_ __ _ _(_)_ __  __ _ \ \ \ \
( ( )\___ | '_ | '_| | '_ \/ _` | \ \ \ \
 \\/  ___)| |_)| | | | | || (_| |  ) ) ) )
  '  |____| .__|_| |_|_| |_\__, | / / / /
 =========|_|==============|___/=/_/_/_/

 :: Spring Boot ::                (v4.0.2)

2026-04-03T20:33:53.567+08:00  INFO 22664 --- [           main] c.example.wms001.Wms001ApplicationTests  : Starting Wms001ApplicationTests using Java 17.0.18 with PID 22664 (started by czl in D:\project\wms\web002-main\wms001)
2026-04-03T20:33:53.568+08:00  INFO 22664 --- [           main] c.example.wms001.Wms001ApplicationTests  : No active profile set, falling back to 1 default profile: "default"
2026-04-03T20:33:54.742+08:00  INFO 22664 --- [           main] m.e.s.MybatisPlusApplicationContextAware : Register ApplicationContext instances org.springframework.web.context.support.GenericWebApplicationContext@6b0615ae
2026-04-03T20:33:54.824+08:00  INFO 22664 --- [           main] c.example.wms001.Wms001ApplicationTests  : Started Wms001ApplicationTests in 1.456 seconds (process running for 2.375)
]]></system-out>
  </testcase>
</testsuite>